<?xml version="1.0" encoding="UTF-8"?>
<testsuite name="com.shopvintage.bidders.BiddersApplicationTests" tests="1" skipped="0" failures="0" errors="0" timestamp="2021-02-25T02:30:21" hostname="Alfredos-MacBook-Pro.local" time="0.154">
  <properties/>
  <testcase name="contextLoads()" classname="com.shopvintage.bidders.BiddersApplicationTests" time="0.154"/>
  <system-out><![CDATA[21:30:14.853 [Test worker] DEBUG org.springframework.test.context.BootstrapUtils - Instantiating CacheAwareContextLoaderDelegate from class [org.springframework.test.context.cache.DefaultCacheAwareContextLoaderDelegate]
21:30:14.865 [Test worker] DEBUG org.springframework.test.context.BootstrapUtils - Instantiating BootstrapContext using constructor [public org.springframework.test.context.support.DefaultBootstrapContext(java.lang.Class,org.springframework.test.context.CacheAwareContextLoaderDelegate)]
21:30:14.896 [Test worker] DEBUG org.springframework.test.context.BootstrapUtils - Instantiating TestContextBootstrapper for test class [com.shopvintage.bidders.BiddersApplicationTests] from class [org.springframework.boot.test.context.SpringBootTestContextBootstrapper]
21:30:14.904 [Test worker] INFO org.springframework.boot.test.context.SpringBootTestContextBootstrapper - Neither @ContextConfiguration nor @ContextHierarchy found for test class [com.shopvintage.bidders.BiddersApplicationTests], using SpringBootContextLoader
21:30:14.907 [Test worker] DEBUG org.springframework.test.context.support.AbstractContextLoader - Did not detect default resource location for test class [com.shopvintage.bidders.BiddersApplicationTests]: class path resource [com/shopvintage/bidders/BiddersApplicationTests-context.xml] does not exist
21:30:14.908 [Test worker] DEBUG org.springframework.test.context.support.AbstractContextLoader - Did not detect default resource location for test class [com.shopvintage.bidders.BiddersApplicationTests]: class path resource [com/shopvintage/bidders/BiddersApplicationTestsContext.groovy] does not exist
21:30:14.908 [Test worker] INFO org.springframework.test.context.support.AbstractContextLoader - Could not detect default resource locations for test class [com.shopvintage.bidders.BiddersApplicationTests]: no resource found for suffixes {-context.xml, Context.groovy}.
21:30:14.909 [Test worker] INFO org.springframework.test.context.support.AnnotationConfigContextLoaderUtils - Could not detect default configuration classes for test class [com.shopvintage.bidders.BiddersApplicationTests]: BiddersApplicationTests does not declare any static, non-private, non-final, nested classes annotated with @Configuration.
21:30:14.943 [Test worker] DEBUG org.springframework.test.context.support.ActiveProfilesUtils - Could not find an 'annotation declaring class' for annotation type [org.springframework.test.context.ActiveProfiles] and class [com.shopvintage.bidders.BiddersApplicationTests]
21:30:14.992 [Test worker] DEBUG org.springframework.context.annotation.ClassPathScanningCandidateComponentProvider - Identified candidate component class: file [/Users/alfredobenaute/bootcamp/bootcamp-shopvintage-bidders/build/classes/java/main/com/shopvintage/bidders/BiddersApplication.class]
21:30:14.993 [Test worker] INFO org.springframework.boot.test.context.SpringBootTestContextBootstrapper - Found @SpringBootConfiguration com.shopvintage.bidders.BiddersApplication for test class com.shopvintage.bidders.BiddersApplicationTests
21:30:15.091 [Test worker] DEBUG org.springframework.boot.test.context.SpringBootTestContextBootstrapper - @TestExecutionListeners is not present for class [com.shopvintage.bidders.BiddersApplicationTests]: using defaults.
21:30:15.092 [Test worker] INFO org.springframework.boot.test.context.SpringBootTestContextBootstrapper - Loaded default TestExecutionListener class names from location [META-INF/spring.factories]: [org.springframework.boot.test.autoconfigure.restdocs.RestDocsTestExecutionListener, org.springframework.boot.test.autoconfigure.web.client.MockRestServiceServerResetTestExecutionListener, org.springframework.boot.test.autoconfigure.web.servlet.MockMvcPrintOnlyOnFailureTestExecutionListener, org.springframework.boot.test.autoconfigure.web.servlet.WebDriverTestExecutionListener, org.springframework.boot.test.autoconfigure.webservices.client.MockWebServiceServerTestExecutionListener, org.springframework.boot.test.mock.mockito.MockitoTestExecutionListener, org.springframework.boot.test.mock.mockito.ResetMocksTestExecutionListener, org.springframework.test.context.web.ServletTestExecutionListener, org.springframework.test.context.support.DirtiesContextBeforeModesTestExecutionListener, org.springframework.test.context.event.ApplicationEventsTestExecutionListener, org.springframework.test.context.support.DependencyInjectionTestExecutionListener, org.springframework.test.context.support.DirtiesContextTestExecutionListener, org.springframework.test.context.transaction.TransactionalTestExecutionListener, org.springframework.test.context.jdbc.SqlScriptsTestExecutionListener, org.springframework.test.context.event.EventPublishingTestExecutionListener]
21:30:15.105 [Test worker] INFO org.springframework.boot.test.context.SpringBootTestContextBootstrapper - Using TestExecutionListeners: [org.springframework.test.context.web.ServletTestExecutionListener@2cfba5e, org.springframework.test.context.support.DirtiesContextBeforeModesTestExecutionListener@cc6bea6, org.springframework.test.context.event.ApplicationEventsTestExecutionListener@726aec67, org.springframework.boot.test.mock.mockito.MockitoTestExecutionListener@29f1f9f4, org.springframework.boot.test.autoconfigure.SpringBootDependencyInjectionTestExecutionListener@5693bbde, org.springframework.test.context.support.DirtiesContextTestExecutionListener@6f191c24, org.springframework.test.context.transaction.TransactionalTestExecutionListener@4ab5cc74, org.springframework.test.context.jdbc.SqlScriptsTestExecutionListener@6cadb28f, org.springframework.test.context.event.EventPublishingTestExecutionListener@27aba98f, org.springframework.boot.test.autoconfigure.restdocs.RestDocsTestExecutionListener@f47962, org.springframework.boot.test.autoconfigure.web.client.MockRestServiceServerResetTestExecutionListener@6446c364, org.springframework.boot.test.autoconfigure.web.servlet.MockMvcPrintOnlyOnFailureTestExecutionListener@65fe3ca9, org.springframework.boot.test.autoconfigure.web.servlet.WebDriverTestExecutionListener@1fe31648, org.springframework.boot.test.autoconfigure.webservices.client.MockWebServiceServerTestExecutionListener@3c7f43bf, org.springframework.boot.test.mock.mockito.ResetMocksTestExecutionListener@6e70eab7]
21:30:15.109 [Test worker] DEBUG org.springframework.test.context.support.AbstractDirtiesContextTestExecutionListener - Before test class: context [DefaultTestContext@14d808b9 testClass = BiddersApplicationTests, testInstance = [null], testMethod = [null], testException = [null], mergedContextConfiguration = [WebMergedContextConfiguration@8948ebf testClass = BiddersApplicationTests, locations = '{}', classes = '{class com.shopvintage.bidders.BiddersApplication}', contextInitializerClasses = '[]', activeProfiles = '{}', propertySourceLocations = '{}', propertySourceProperties = '{org.springframework.boot.test.context.SpringBootTestContextBootstrapper=true}', contextCustomizers = set[org.springframework.boot.test.autoconfigure.actuate.metrics.MetricsExportContextCustomizerFactory$DisableMetricExportContextCustomizer@2cc08846, org.springframework.boot.test.autoconfigure.properties.PropertyMappingContextCustomizer@0, org.springframework.boot.test.autoconfigure.web.servlet.WebDriverContextCustomizerFactory$Customizer@7cae624c, org.springframework.boot.test.context.filter.ExcludeFilterContextCustomizer@74ab3493, org.springframework.boot.test.json.DuplicateJsonObjectContextCustomizerFactory$DuplicateJsonObjectContextCustomizer@4805a5d9, org.springframework.boot.test.mock.mockito.MockitoContextCustomizer@0, org.springframework.boot.test.web.client.TestRestTemplateContextCustomizer@39e2bea, org.springframework.boot.test.context.SpringBootTestArgs@1, org.springframework.boot.test.context.SpringBootTestWebEnvironment@4642a04d], resourceBasePath = 'src/main/webapp', contextLoader = 'org.springframework.boot.test.context.SpringBootContextLoader', parent = [null]], attributes = map['org.springframework.test.context.web.ServletTestExecutionListener.activateListener' -> true]], class annotated with @DirtiesContext [false] with mode [null].
21:30:15.142 [Test worker] DEBUG org.springframework.test.context.support.TestPropertySourceUtils - Adding inlined properties to environment: {spring.jmx.enabled=false, org.springframework.boot.test.context.SpringBootTestContextBootstrapper=true}

  .   ____          _            __ _ _
 /\\ / ___'_ __ _ _(_)_ __  __ _ \ \ \ \
( ( )\___ | '_ | '_| | '_ \/ _` | \ \ \ \
 \\/  ___)| |_)| | | | | || (_| |  ) ) ) )
  '  |____| .__|_| |_|_| |_\__, | / / / /
 =========|_|==============|___/=/_/_/_/
 :: Spring Boot ::                (v2.4.3)

2021-02-24 21:30:15.415  INFO 77821 --- [    Test worker] c.s.bidders.BiddersApplicationTests      : Starting BiddersApplicationTests using Java 13.0.1 on Alfredos-MacBook-Pro.local with PID 77821 (started by alfredobenaute in /Users/alfredobenaute/bootcamp/bootcamp-shopvintage-bidders)
2021-02-24 21:30:15.416  INFO 77821 --- [    Test worker] c.s.bidders.BiddersApplicationTests      : The following profiles are active: dev
2021-02-24 21:30:16.173  INFO 77821 --- [    Test worker] .s.d.r.c.RepositoryConfigurationDelegate : Bootstrapping Spring Data JPA repositories in DEFAULT mode.
2021-02-24 21:30:16.309  INFO 77821 --- [    Test worker] .s.d.r.c.RepositoryConfigurationDelegate : Finished Spring Data repository scanning in 125 ms. Found 1 JPA repository interfaces.
2021-02-24 21:30:16.497  INFO 77821 --- [    Test worker] o.s.cloud.context.scope.GenericScope     : BeanFactory id=7ab865ea-692d-36f2-b8e5-5fa58727bc56
2021-02-24 21:30:16.880  INFO 77821 --- [    Test worker] com.zaxxer.hikari.HikariDataSource       : HikariPool-1 - Starting...
2021-02-24 21:30:18.812  INFO 77821 --- [    Test worker] com.zaxxer.hikari.HikariDataSource       : HikariPool-1 - Start completed.
2021-02-24 21:30:18.871  INFO 77821 --- [    Test worker] o.hibernate.jpa.internal.util.LogHelper  : HHH000204: Processing PersistenceUnitInfo [name: default]
2021-02-24 21:30:18.919  INFO 77821 --- [    Test worker] org.hibernate.Version                    : HHH000412: Hibernate ORM core version 5.4.28.Final
2021-02-24 21:30:19.025  INFO 77821 --- [    Test worker] o.hibernate.annotations.common.Version   : HCANN000001: Hibernate Commons Annotations {5.1.2.Final}
2021-02-24 21:30:19.109  INFO 77821 --- [    Test worker] org.hibernate.dialect.Dialect            : HHH000400: Using dialect: org.hibernate.dialect.SQLServer2012Dialect
2021-02-24 21:30:20.337  INFO 77821 --- [    Test worker] o.h.e.t.j.p.i.JtaPlatformInitiator       : HHH000490: Using JtaPlatform implementation: [org.hibernate.engine.transaction.jta.platform.internal.NoJtaPlatform]
2021-02-24 21:30:20.345  INFO 77821 --- [    Test worker] j.LocalContainerEntityManagerFactoryBean : Initialized JPA EntityManagerFactory for persistence unit 'default'
2021-02-24 21:30:20.765  WARN 77821 --- [    Test worker] JpaBaseConfiguration$JpaWebConfiguration : spring.jpa.open-in-view is enabled by default. Therefore, database queries may be performed during view rendering. Explicitly configure spring.jpa.open-in-view to disable this warning
2021-02-24 21:30:20.959  INFO 77821 --- [    Test worker] o.s.s.concurrent.ThreadPoolTaskExecutor  : Initializing ExecutorService 'applicationTaskExecutor'
2021-02-24 21:30:21.375  INFO 77821 --- [    Test worker] DiscoveryClientOptionalArgsConfiguration : Eureka HTTP Client uses RestTemplate.
2021-02-24 21:30:21.514  WARN 77821 --- [    Test worker] iguration$LoadBalancerCaffeineWarnLogger : Spring Cloud LoadBalancer is currently working with the default cache. You can switch to using Caffeine cache, by adding it and org.springframework.cache.caffeine.CaffeineCacheManager to the classpath.
2021-02-24 21:30:21.534  INFO 77821 --- [    Test worker] o.s.c.n.eureka.InstanceInfoFactory       : Setting initial instance status as: STARTING
2021-02-24 21:30:21.612  INFO 77821 --- [    Test worker] com.netflix.discovery.DiscoveryClient    : Initializing Eureka in region us-east-1
2021-02-24 21:30:21.616  INFO 77821 --- [    Test worker] c.n.d.s.r.aws.ConfigClusterResolver      : Resolving eureka endpoints via configuration
2021-02-24 21:30:21.638  INFO 77821 --- [    Test worker] com.netflix.discovery.DiscoveryClient    : Disable delta property : false
2021-02-24 21:30:21.638  INFO 77821 --- [    Test worker] com.netflix.discovery.DiscoveryClient    : Single vip registry refresh property : null
2021-02-24 21:30:21.639  INFO 77821 --- [    Test worker] com.netflix.discovery.DiscoveryClient    : Force full registry fetch : false
2021-02-24 21:30:21.639  INFO 77821 --- [    Test worker] com.netflix.discovery.DiscoveryClient    : Application is null : false
2021-02-24 21:30:21.639  INFO 77821 --- [    Test worker] com.netflix.discovery.DiscoveryClient    : Registered Applications size is zero : true
2021-02-24 21:30:21.639  INFO 77821 --- [    Test worker] com.netflix.discovery.DiscoveryClient    : Application version is -1: true
2021-02-24 21:30:21.639  INFO 77821 --- [    Test worker] com.netflix.discovery.DiscoveryClient    : Getting all instance registry info from the eureka server
2021-02-24 21:30:21.789  INFO 77821 --- [    Test worker] com.netflix.discovery.DiscoveryClient    : The response status is 200
2021-02-24 21:30:21.792  INFO 77821 --- [    Test worker] com.netflix.discovery.DiscoveryClient    : Starting heartbeat executor: renew interval is: 30
2021-02-24 21:30:21.794  INFO 77821 --- [    Test worker] c.n.discovery.InstanceInfoReplicator     : InstanceInfoReplicator onDemand update allowed rate per min is 4
2021-02-24 21:30:21.799  INFO 77821 --- [    Test worker] com.netflix.discovery.DiscoveryClient    : Discovery Client initialized at timestamp 1614220221798 with initial instances count: 1
2021-02-24 21:30:21.804  INFO 77821 --- [    Test worker] o.s.c.n.e.s.EurekaServiceRegistry        : Registering application BOOTCAMP-SHOPVINTAGE-BIDDERS with eureka with status UP
2021-02-24 21:30:21.804  INFO 77821 --- [    Test worker] com.netflix.discovery.DiscoveryClient    : Saw local status change event StatusChangeEvent [timestamp=1614220221804, current=UP, previous=STARTING]
2021-02-24 21:30:21.806  INFO 77821 --- [nfoReplicator-0] com.netflix.discovery.DiscoveryClient    : DiscoveryClient_BOOTCAMP-SHOPVINTAGE-BIDDERS/192.168.0.3:bootcamp-shopvintage-bidders:8081: registering service...
2021-02-24 21:30:21.820  INFO 77821 --- [    Test worker] c.s.bidders.BiddersApplicationTests      : Started BiddersApplicationTests in 6.671 seconds (JVM running for 7.701)
2021-02-24 21:30:21.840  INFO 77821 --- [nfoReplicator-0] com.netflix.discovery.DiscoveryClient    : DiscoveryClient_BOOTCAMP-SHOPVINTAGE-BIDDERS/192.168.0.3:bootcamp-shopvintage-bidders:8081 - registration status: 204
]]></system-out>
  <system-err><![CDATA[]]></system-err>
</testsuite>
